<?xml version="1.0" encoding="UTF-8"?>
<testng-results ignored="0" total="1" passed="1" failed="0" skipped="0">
  <reporter-output>
  </reporter-output>
  <suite started-at="2025-01-29T18:05:25 GMT" name="com.saucedemo.tests.LoginTest" finished-at="2025-01-29T18:05:27 GMT" duration-ms="1700">
    <groups>
    </groups>
    <test started-at="2025-01-29T18:05:25 GMT" name="Command line test" finished-at="2025-01-29T18:05:27 GMT" duration-ms="1700">
      <class name="com.saucedemo.tests.LoginTest">
        <test-method is-config="true" signature="setupReport()[pri:0, instance:com.saucedemo.tests.LoginTest@5f71c76a]" started-at="2025-01-29T18:05:25 GMT" name="setupReport" finished-at="2025-01-29T18:05:25 GMT" duration-ms="60" status="PASS">
          <reporter-output>
          </reporter-output>
        </test-method> <!-- setupReport -->
        <test-method is-config="true" signature="setup(org.testng.ITestResult)[pri:0, instance:com.saucedemo.tests.LoginTest@5f71c76a]" started-at="2025-01-29T18:05:25 GMT" name="setup" finished-at="2025-01-29T18:05:26 GMT" duration-ms="1219" status="PASS">
          <params>
            <param index="0">
              <value>
                <![CDATA[[TestResult name={null} status=CREATED method=LoginTest.testSuccessfulLogin()[pri:0, instance:com.saucedemo.tests.LoginTest@5f71c76a] output={null}]]]>
              </value>
            </param>
          </params>
          <reporter-output>
          </reporter-output>
        </test-method> <!-- setup -->
        <test-method signature="testSuccessfulLogin()[pri:0, instance:com.saucedemo.tests.LoginTest@5f71c76a]" started-at="2025-01-29T18:05:26 GMT" name="testSuccessfulLogin" finished-at="2025-01-29T18:05:26 GMT" duration-ms="387" status="PASS">
          <reporter-output>
          </reporter-output>
        </test-method> <!-- testSuccessfulLogin -->
        <test-method is-config="true" signature="teardown(org.testng.ITestResult)[pri:0, instance:com.saucedemo.tests.LoginTest@5f71c76a]" started-at="2025-01-29T18:05:26 GMT" name="teardown" finished-at="2025-01-29T18:05:27 GMT" duration-ms="86" status="PASS">
          <params>
            <param index="0">
              <value>
                <![CDATA[[TestResult name=testSuccessfulLogin status=SUCCESS method=LoginTest.testSuccessfulLogin()[pri:0, instance:com.saucedemo.tests.LoginTest@5f71c76a] output={null}]]]>
              </value>
            </param>
          </params>
          <reporter-output>
          </reporter-output>
        </test-method> <!-- teardown -->
        <test-method is-config="true" signature="teardownReport()[pri:0, instance:com.saucedemo.tests.LoginTest@5f71c76a]" started-at="2025-01-29T18:05:27 GMT" name="teardownReport" finished-at="2025-01-29T18:05:27 GMT" duration-ms="76" status="PASS">
          <reporter-output>
          </reporter-output>
        </test-method> <!-- teardownReport -->
      </class> <!-- com.saucedemo.tests.LoginTest -->
    </test> <!-- Command line test -->
  </suite> <!-- com.saucedemo.tests.LoginTest -->
</testng-results>
